<?xml version="1.0" encoding="UTF-8"?>
<testng-results ignored="0" total="1" passed="1" failed="0" skipped="0">
  <reporter-output>
  </reporter-output>
  <suite started-at="2025-05-19T22:46:31 IST" name="Suite" finished-at="2025-05-19T22:47:12 IST" duration-ms="41384">
    <groups>
    </groups>
    <test started-at="2025-05-19T22:46:31 IST" name="Test" finished-at="2025-05-19T22:47:12 IST" duration-ms="41384">
      <class name="actiTimeLoginModuleTest.ActiTimetestclass">
        <test-method is-config="true" signature="startbrwser()[pri:0, instance:actiTimeLoginModuleTest.ActiTimetestclass@24aed80c]" started-at="2025-05-19T22:46:31 IST" name="startbrwser" finished-at="2025-05-19T22:46:45 IST" duration-ms="13593" status="PASS">
          <reporter-output>
          </reporter-output>
        </test-method> <!-- startbrwser -->
        <test-method is-config="true" signature="EnterCredToLogin()[pri:0, instance:actiTimeLoginModuleTest.ActiTimetestclass@24aed80c]" started-at="2025-05-19T22:46:45 IST" name="EnterCredToLogin" finished-at="2025-05-19T22:46:54 IST" duration-ms="9346" status="PASS">
          <reporter-output>
          </reporter-output>
        </test-method> <!-- EnterCredToLogin -->
        <test-method signature="verifyfeaturesitle()[pri:0, instance:actiTimeLoginModuleTest.ActiTimetestclass@24aed80c]" started-at="2025-05-19T22:46:54 IST" name="verifyfeaturesitle" finished-at="2025-05-19T22:47:11 IST" duration-ms="16987" status="PASS">
          <reporter-output>
          </reporter-output>
        </test-method> <!-- verifyfeaturesitle -->
        <test-method is-config="true" signature="CloseBrowser(org.testng.ITestResult)[pri:0, instance:actiTimeLoginModuleTest.ActiTimetestclass@24aed80c]" started-at="2025-05-19T22:47:11 IST" name="CloseBrowser" finished-at="2025-05-19T22:47:12 IST" duration-ms="1111" status="PASS">
          <params>
            <param index="0">
              <value>
                <![CDATA[[TestResult name=verifyfeaturesitle status=SUCCESS method=ActiTimetestclass.verifyfeaturesitle()[pri:0, instance:actiTimeLoginModuleTest.ActiTimetestclass@24aed80c] output={null}]]]>
              </value>
            </param>
          </params>
          <reporter-output>
          </reporter-output>
        </test-method> <!-- CloseBrowser -->
      </class> <!-- actiTimeLoginModuleTest.ActiTimetestclass -->
    </test> <!-- Test -->
  </suite> <!-- Suite -->
</testng-results>
